  [1m[35m (0.4ms)[0m  [1m[35mDROP DATABASE IF EXISTS "rbnb_development"[0m
  [1m[35m (0.1ms)[0m  [1m[35mDROP DATABASE IF EXISTS "rbnb_test"[0m
  [1m[35m (142.6ms)[0m  [1m[35mCREATE DATABASE "rbnb_development" ENCODING = 'unicode'[0m
  [1m[35m (34.6ms)[0m  [1m[35mCREATE DATABASE "rbnb_test" ENCODING = 'unicode'[0m
  [1m[35m (2.8ms)[0m  [1m[35mCREATE TABLE "schema_migrations" ("version" character varying NOT NULL PRIMARY KEY)[0m
  [1m[35m (1.2ms)[0m  [1m[35mCREATE TABLE "ar_internal_metadata" ("key" character varying NOT NULL PRIMARY KEY, "value" character varying, "created_at" timestamp(6) NOT NULL, "updated_at" timestamp(6) NOT NULL)[0m
  [1m[35m (0.3ms)[0m  [1m[34mSELECT pg_try_advisory_lock(5049656801970026610)[0m
  [1m[36mActiveRecord::SchemaMigration Pluck (0.2ms)[0m  [1m[34mSELECT "schema_migrations"."version" FROM "schema_migrations" ORDER BY "schema_migrations"."version" ASC[0m
  [1m[36mActiveRecord::InternalMetadata Load (0.1ms)[0m  [1m[34mSELECT "ar_internal_metadata".* FROM "ar_internal_metadata" WHERE "ar_internal_metadata"."key" = $1 LIMIT $2[0m  [["key", "environment"], ["LIMIT", 1]]
  [1m[36mTRANSACTION (0.1ms)[0m  [1m[35mBEGIN[0m
  [1m[36mActiveRecord::InternalMetadata Create (0.7ms)[0m  [1m[32mINSERT INTO "ar_internal_metadata" ("key", "value", "created_at", "updated_at") VALUES ($1, $2, $3, $4) RETURNING "key"[0m  [["key", "environment"], ["value", "development"], ["created_at", "2023-03-04 02:16:27.792207"], ["updated_at", "2023-03-04 02:16:27.792207"]]
  [1m[36mTRANSACTION (0.2ms)[0m  [1m[35mCOMMIT[0m
  [1m[35m (0.1ms)[0m  [1m[34mSELECT pg_advisory_unlock(5049656801970026610)[0m
  [1m[36mActiveRecord::SchemaMigration Pluck (0.3ms)[0m  [1m[34mSELECT "schema_migrations"."version" FROM "schema_migrations" ORDER BY "schema_migrations"."version" ASC[0m
  [1m[35m (0.1ms)[0m  [1m[34mSELECT pg_try_advisory_lock(5049656801970026610)[0m
  [1m[36mActiveRecord::SchemaMigration Pluck (0.8ms)[0m  [1m[34mSELECT "schema_migrations"."version" FROM "schema_migrations" ORDER BY "schema_migrations"."version" ASC[0m
Migrating to CreatePriceCharts (20230304022428)
  [1m[36mTRANSACTION (0.1ms)[0m  [1m[35mBEGIN[0m
  [1m[35m (8.7ms)[0m  [1m[35mCREATE TABLE "price_charts" ("id" bigserial primary key, "date" date, "price" float, "created_at" timestamp(6) NOT NULL, "updated_at" timestamp(6) NOT NULL)[0m
  [1m[36mActiveRecord::SchemaMigration Create (1.0ms)[0m  [1m[32mINSERT INTO "schema_migrations" ("version") VALUES ($1) RETURNING "version"[0m  [["version", "20230304022428"]]
  [1m[36mTRANSACTION (1.3ms)[0m  [1m[35mCOMMIT[0m
Migrating to CreateProducts (20230304022602)
  [1m[36mTRANSACTION (0.3ms)[0m  [1m[35mBEGIN[0m
  [1m[35m (7.5ms)[0m  [1m[35mCREATE TABLE "products" ("id" bigserial primary key, "brand_name" character varying, "product_name" character varying, "weight" integer, "weight_type" character varying, "price_chart_id" bigint NOT NULL, "created_at" timestamp(6) NOT NULL, "updated_at" timestamp(6) NOT NULL, CONSTRAINT "fk_rails_5b27dd6c18"
FOREIGN KEY ("price_chart_id")
  REFERENCES "price_charts" ("id")
)[0m
  [1m[35m (1.4ms)[0m  [1m[35mCREATE INDEX "index_products_on_price_chart_id" ON "products" ("price_chart_id")[0m
  [1m[36mActiveRecord::SchemaMigration Create (0.2ms)[0m  [1m[32mINSERT INTO "schema_migrations" ("version") VALUES ($1) RETURNING "version"[0m  [["version", "20230304022602"]]
  [1m[36mTRANSACTION (0.7ms)[0m  [1m[35mCOMMIT[0m
Migrating to CreateBatches (20230304022636)
  [1m[36mTRANSACTION (0.4ms)[0m  [1m[35mBEGIN[0m
  [1m[35m (3.9ms)[0m  [1m[35mCREATE TABLE "batches" ("id" bigserial primary key, "name" character varying, "description" text, "product_id" bigint NOT NULL, "created_at" timestamp(6) NOT NULL, "updated_at" timestamp(6) NOT NULL, CONSTRAINT "fk_rails_839f58315e"
FOREIGN KEY ("product_id")
  REFERENCES "products" ("id")
)[0m
  [1m[35m (1.0ms)[0m  [1m[35mCREATE INDEX "index_batches_on_product_id" ON "batches" ("product_id")[0m
  [1m[36mActiveRecord::SchemaMigration Create (0.1ms)[0m  [1m[32mINSERT INTO "schema_migrations" ("version") VALUES ($1) RETURNING "version"[0m  [["version", "20230304022636"]]
  [1m[36mTRANSACTION (0.3ms)[0m  [1m[35mCOMMIT[0m
Migrating to DeviseCreateUsers (20230304023500)
  [1m[36mTRANSACTION (0.2ms)[0m  [1m[35mBEGIN[0m
  [1m[35m (4.7ms)[0m  [1m[35mCREATE TABLE "users" ("id" bigserial primary key, "email" character varying DEFAULT '' NOT NULL, "encrypted_password" character varying DEFAULT '' NOT NULL, "reset_password_token" character varying, "reset_password_sent_at" timestamp(6), "remember_created_at" timestamp(6), "created_at" timestamp(6) NOT NULL, "updated_at" timestamp(6) NOT NULL)[0m
  [1m[35m (1.2ms)[0m  [1m[35mCREATE UNIQUE INDEX "index_users_on_email" ON "users" ("email")[0m
  [1m[35m (1.5ms)[0m  [1m[35mCREATE UNIQUE INDEX "index_users_on_reset_password_token" ON "users" ("reset_password_token")[0m
  [1m[36mActiveRecord::SchemaMigration Create (0.4ms)[0m  [1m[32mINSERT INTO "schema_migrations" ("version") VALUES ($1) RETURNING "version"[0m  [["version", "20230304023500"]]
  [1m[36mTRANSACTION (0.7ms)[0m  [1m[35mCOMMIT[0m
  [1m[36mActiveRecord::InternalMetadata Load (0.3ms)[0m  [1m[34mSELECT "ar_internal_metadata".* FROM "ar_internal_metadata" WHERE "ar_internal_metadata"."key" = $1 LIMIT $2[0m  [["key", "environment"], ["LIMIT", 1]]
  [1m[35m (0.3ms)[0m  [1m[34mSELECT pg_advisory_unlock(5049656801970026610)[0m
  [1m[36mActiveRecord::SchemaMigration Pluck (0.7ms)[0m  [1m[34mSELECT "schema_migrations"."version" FROM "schema_migrations" ORDER BY "schema_migrations"."version" ASC[0m
Started GET "/" for ::1 at 2023-03-04 13:36:04 +1100
  [1m[36mActiveRecord::SchemaMigration Pluck (0.8ms)[0m  [1m[34mSELECT "schema_migrations"."version" FROM "schema_migrations" ORDER BY "schema_migrations"."version" ASC[0m
Processing by PagesController#home as HTML
  Rendering layout layouts/application.html.erb
  Rendering pages/home.html.erb within layouts/application
  Rendered pages/home.html.erb within layouts/application (Duration: 0.9ms | Allocations: 390)
  Rendered layout layouts/application.html.erb (Duration: 3613.0ms | Allocations: 156920)
Completed 200 OK in 3622ms (Views: 3616.1ms | ActiveRecord: 0.0ms | Allocations: 161102)


  [1m[36mUser Load (1.9ms)[0m  [1m[34mSELECT "users".* FROM "users" ORDER BY "users"."id" DESC LIMIT $1[0m  [["LIMIT", 1]]
  [1m[36mActiveRecord::SchemaMigration Pluck (0.5ms)[0m  [1m[34mSELECT "schema_migrations"."version" FROM "schema_migrations" ORDER BY "schema_migrations"."version" ASC[0m
  [1m[36mActiveRecord::InternalMetadata Pluck (1.4ms)[0m  [1m[34mSELECT "ar_internal_metadata"."value" FROM "ar_internal_metadata" WHERE "ar_internal_metadata"."key" = $1 LIMIT $2[0m  [["key", "environment"], ["LIMIT", 1]]
  [1m[36mActiveRecord::SchemaMigration Pluck (0.2ms)[0m  [1m[34mSELECT "schema_migrations"."version" FROM "schema_migrations" ORDER BY "schema_migrations"."version" ASC[0m
  [1m[36mActiveRecord::InternalMetadata Pluck (0.2ms)[0m  [1m[34mSELECT "ar_internal_metadata"."value" FROM "ar_internal_metadata" WHERE "ar_internal_metadata"."key" = $1 LIMIT $2[0m  [["key", "environment"], ["LIMIT", 1]]
  [1m[36mActiveRecord::SchemaMigration Pluck (0.2ms)[0m  [1m[34mSELECT "schema_migrations"."version" FROM "schema_migrations" ORDER BY "schema_migrations"."version" ASC[0m
  [1m[36mActiveRecord::InternalMetadata Pluck (0.1ms)[0m  [1m[34mSELECT "ar_internal_metadata"."value" FROM "ar_internal_metadata" WHERE "ar_internal_metadata"."key" = $1 LIMIT $2[0m  [["key", "environment"], ["LIMIT", 1]]
  [1m[35m (40.2ms)[0m  [1m[35mDROP DATABASE IF EXISTS "rbnb_development"[0m
  [1m[35m (71.3ms)[0m  [1m[35mDROP DATABASE IF EXISTS "rbnb_test"[0m
  [1m[35m (132.0ms)[0m  [1m[35mCREATE DATABASE "rbnb_development" ENCODING = 'unicode'[0m
  [1m[35m (38.0ms)[0m  [1m[35mCREATE DATABASE "rbnb_test" ENCODING = 'unicode'[0m
  [1m[35m (5.8ms)[0m  [1m[35mCREATE TABLE "schema_migrations" ("version" character varying NOT NULL PRIMARY KEY)[0m
  [1m[35m (2.5ms)[0m  [1m[35mCREATE TABLE "ar_internal_metadata" ("key" character varying NOT NULL PRIMARY KEY, "value" character varying, "created_at" timestamp(6) NOT NULL, "updated_at" timestamp(6) NOT NULL)[0m
  [1m[35m (0.2ms)[0m  [1m[34mSELECT pg_try_advisory_lock(5049656801970026610)[0m
  [1m[36mActiveRecord::SchemaMigration Pluck (0.4ms)[0m  [1m[34mSELECT "schema_migrations"."version" FROM "schema_migrations" ORDER BY "schema_migrations"."version" ASC[0m
Migrating to CreatePriceCharts (20230304022428)
  [1m[36mTRANSACTION (0.1ms)[0m  [1m[35mBEGIN[0m
  [1m[35m (4.6ms)[0m  [1m[35mCREATE TABLE "price_charts" ("id" bigserial primary key, "date" date, "price" float, "product_id" bigint NOT NULL, "created_at" timestamp(6) NOT NULL, "updated_at" timestamp(6) NOT NULL, CONSTRAINT "fk_rails_88c3020e54"
FOREIGN KEY ("product_id")
  REFERENCES "products" ("id")
)[0m
  [1m[36mTRANSACTION (0.1ms)[0m  [1m[31mROLLBACK[0m
  [1m[35m (0.2ms)[0m  [1m[34mSELECT pg_advisory_unlock(5049656801970026610)[0m
  [1m[35m (0.3ms)[0m  [1m[34mSELECT pg_try_advisory_lock(5049656801970026610)[0m
  [1m[36mActiveRecord::SchemaMigration Pluck (0.6ms)[0m  [1m[34mSELECT "schema_migrations"."version" FROM "schema_migrations" ORDER BY "schema_migrations"."version" ASC[0m
Migrating to CreatePriceCharts (20230304022428)
  [1m[36mTRANSACTION (0.2ms)[0m  [1m[35mBEGIN[0m
  [1m[35m (5.4ms)[0m  [1m[35mCREATE TABLE "price_charts" ("id" bigserial primary key, "date" date, "price" float, "products_id" bigint NOT NULL, "created_at" timestamp(6) NOT NULL, "updated_at" timestamp(6) NOT NULL, CONSTRAINT "fk_rails_09783b235e"
FOREIGN KEY ("products_id")
  REFERENCES "products" ("id")
)[0m
  [1m[36mTRANSACTION (0.1ms)[0m  [1m[31mROLLBACK[0m
  [1m[35m (0.2ms)[0m  [1m[34mSELECT pg_advisory_unlock(5049656801970026610)[0m
  [1m[36mActiveRecord::SchemaMigration Pluck (0.5ms)[0m  [1m[34mSELECT "schema_migrations"."version" FROM "schema_migrations" ORDER BY "schema_migrations"."version" ASC[0m
  [1m[36mActiveRecord::SchemaMigration Pluck (0.1ms)[0m  [1m[34mSELECT "schema_migrations"."version" FROM "schema_migrations" ORDER BY "schema_migrations"."version" ASC[0m
  [1m[35m (23.8ms)[0m  [1m[35mDROP DATABASE IF EXISTS "rbnb_development"[0m
  [1m[35m (15.2ms)[0m  [1m[35mDROP DATABASE IF EXISTS "rbnb_test"[0m
  [1m[35m (126.9ms)[0m  [1m[35mCREATE DATABASE "rbnb_development" ENCODING = 'unicode'[0m
  [1m[35m (40.3ms)[0m  [1m[35mCREATE DATABASE "rbnb_test" ENCODING = 'unicode'[0m
  [1m[35m (5.3ms)[0m  [1m[35mCREATE TABLE "schema_migrations" ("version" character varying NOT NULL PRIMARY KEY)[0m
  [1m[35m (5.4ms)[0m  [1m[35mCREATE TABLE "ar_internal_metadata" ("key" character varying NOT NULL PRIMARY KEY, "value" character varying, "created_at" timestamp(6) NOT NULL, "updated_at" timestamp(6) NOT NULL)[0m
  [1m[35m (0.2ms)[0m  [1m[34mSELECT pg_try_advisory_lock(5049656801970026610)[0m
  [1m[36mActiveRecord::SchemaMigration Pluck (0.9ms)[0m  [1m[34mSELECT "schema_migrations"."version" FROM "schema_migrations" ORDER BY "schema_migrations"."version" ASC[0m
Migrating to CreatePriceCharts (20230304022428)
  [1m[36mTRANSACTION (0.1ms)[0m  [1m[35mBEGIN[0m
  [1m[35m (3.9ms)[0m  [1m[35mCREATE TABLE "price_charts" ("id" bigserial primary key, "date" date, "price" float, "products_id" bigint NOT NULL, "created_at" timestamp(6) NOT NULL, "updated_at" timestamp(6) NOT NULL, CONSTRAINT "fk_rails_09783b235e"
FOREIGN KEY ("products_id")
  REFERENCES "products" ("id")
)[0m
  [1m[36mTRANSACTION (0.1ms)[0m  [1m[31mROLLBACK[0m
  [1m[35m (0.2ms)[0m  [1m[34mSELECT pg_advisory_unlock(5049656801970026610)[0m
  [1m[36mActiveRecord::SchemaMigration Pluck (0.5ms)[0m  [1m[34mSELECT "schema_migrations"."version" FROM "schema_migrations" ORDER BY "schema_migrations"."version" ASC[0m
  [1m[36mActiveRecord::SchemaMigration Pluck (0.1ms)[0m  [1m[34mSELECT "schema_migrations"."version" FROM "schema_migrations" ORDER BY "schema_migrations"."version" ASC[0m
  [1m[35m (32.4ms)[0m  [1m[35mDROP DATABASE IF EXISTS "rbnb_development"[0m
  [1m[35m (20.4ms)[0m  [1m[35mDROP DATABASE IF EXISTS "rbnb_test"[0m
  [1m[35m (133.2ms)[0m  [1m[35mCREATE DATABASE "rbnb_development" ENCODING = 'unicode'[0m
  [1m[35m (39.6ms)[0m  [1m[35mCREATE DATABASE "rbnb_test" ENCODING = 'unicode'[0m
  [1m[35m (6.7ms)[0m  [1m[35mCREATE TABLE "schema_migrations" ("version" character varying NOT NULL PRIMARY KEY)[0m
  [1m[35m (2.9ms)[0m  [1m[35mCREATE TABLE "ar_internal_metadata" ("key" character varying NOT NULL PRIMARY KEY, "value" character varying, "created_at" timestamp(6) NOT NULL, "updated_at" timestamp(6) NOT NULL)[0m
  [1m[35m (0.3ms)[0m  [1m[34mSELECT pg_try_advisory_lock(5049656801970026610)[0m
  [1m[36mActiveRecord::SchemaMigration Pluck (0.4ms)[0m  [1m[34mSELECT "schema_migrations"."version" FROM "schema_migrations" ORDER BY "schema_migrations"."version" ASC[0m
Migrating to CreatePriceCharts (20230304022428)
  [1m[36mTRANSACTION (0.6ms)[0m  [1m[35mBEGIN[0m
  [1m[35m (3.5ms)[0m  [1m[35mCREATE TABLE "price_charts" ("id" bigserial primary key, "date" date, "price" float, "products_id" bigint NOT NULL, "created_at" timestamp(6) NOT NULL, "updated_at" timestamp(6) NOT NULL, CONSTRAINT "fk_rails_09783b235e"
FOREIGN KEY ("products_id")
  REFERENCES "products" ("id")
)[0m
  [1m[36mTRANSACTION (0.1ms)[0m  [1m[31mROLLBACK[0m
  [1m[35m (0.2ms)[0m  [1m[34mSELECT pg_advisory_unlock(5049656801970026610)[0m
  [1m[36mActiveRecord::SchemaMigration Pluck (1.6ms)[0m  [1m[34mSELECT "schema_migrations"."version" FROM "schema_migrations" ORDER BY "schema_migrations"."version" ASC[0m
  [1m[36mActiveRecord::SchemaMigration Pluck (0.2ms)[0m  [1m[34mSELECT "schema_migrations"."version" FROM "schema_migrations" ORDER BY "schema_migrations"."version" ASC[0m
  [1m[35m (25.6ms)[0m  [1m[35mDROP DATABASE IF EXISTS "rbnb_development"[0m
  [1m[35m (20.9ms)[0m  [1m[35mDROP DATABASE IF EXISTS "rbnb_test"[0m
  [1m[35m (132.1ms)[0m  [1m[35mCREATE DATABASE "rbnb_development" ENCODING = 'unicode'[0m
  [1m[35m (46.4ms)[0m  [1m[35mCREATE DATABASE "rbnb_test" ENCODING = 'unicode'[0m
  [1m[35m (6.6ms)[0m  [1m[35mCREATE TABLE "schema_migrations" ("version" character varying NOT NULL PRIMARY KEY)[0m
  [1m[35m (3.9ms)[0m  [1m[35mCREATE TABLE "ar_internal_metadata" ("key" character varying NOT NULL PRIMARY KEY, "value" character varying, "created_at" timestamp(6) NOT NULL, "updated_at" timestamp(6) NOT NULL)[0m
  [1m[35m (0.2ms)[0m  [1m[34mSELECT pg_try_advisory_lock(5049656801970026610)[0m
  [1m[36mActiveRecord::SchemaMigration Pluck (0.5ms)[0m  [1m[34mSELECT "schema_migrations"."version" FROM "schema_migrations" ORDER BY "schema_migrations"."version" ASC[0m
Migrating to CreateBatches (20230304022427)
  [1m[36mTRANSACTION (0.1ms)[0m  [1m[35mBEGIN[0m
  [1m[35m (2.8ms)[0m  [1m[35mCREATE TABLE "batches" ("id" bigserial primary key, "name" character varying, "description" text, "created_at" timestamp(6) NOT NULL, "updated_at" timestamp(6) NOT NULL)[0m
  [1m[36mActiveRecord::SchemaMigration Create (0.5ms)[0m  [1m[32mINSERT INTO "schema_migrations" ("version") VALUES ($1) RETURNING "version"[0m  [["version", "20230304022427"]]
  [1m[36mTRANSACTION (0.3ms)[0m  [1m[35mCOMMIT[0m
Migrating to CreateProducts (20230304022428)
  [1m[36mTRANSACTION (0.2ms)[0m  [1m[35mBEGIN[0m
  [1m[35m (4.4ms)[0m  [1m[35mCREATE TABLE "products" ("id" bigserial primary key, "brand_name" character varying, "product_name" character varying, "weight" integer, "weight_type" character varying, "batch_id" bigint NOT NULL, "created_at" timestamp(6) NOT NULL, "updated_at" timestamp(6) NOT NULL, CONSTRAINT "fk_rails_01389ea7da"
FOREIGN KEY ("batch_id")
  REFERENCES "batches" ("id")
)[0m
  [1m[35m (1.8ms)[0m  [1m[35mCREATE INDEX "index_products_on_batch_id" ON "products" ("batch_id")[0m
  [1m[36mActiveRecord::SchemaMigration Create (0.2ms)[0m  [1m[32mINSERT INTO "schema_migrations" ("version") VALUES ($1) RETURNING "version"[0m  [["version", "20230304022428"]]
  [1m[36mTRANSACTION (0.5ms)[0m  [1m[35mCOMMIT[0m
Migrating to CreatePriceCharts (20230304022429)
  [1m[36mTRANSACTION (0.2ms)[0m  [1m[35mBEGIN[0m
  [1m[35m (2.5ms)[0m  [1m[35mCREATE TABLE "price_charts" ("id" bigserial primary key, "date" date, "price" float, "products_id" bigint NOT NULL, "created_at" timestamp(6) NOT NULL, "updated_at" timestamp(6) NOT NULL, CONSTRAINT "fk_rails_09783b235e"
FOREIGN KEY ("products_id")
  REFERENCES "products" ("id")
)[0m
  [1m[35m (1.0ms)[0m  [1m[35mCREATE INDEX "index_price_charts_on_products_id" ON "price_charts" ("products_id")[0m
  [1m[36mActiveRecord::SchemaMigration Create (0.9ms)[0m  [1m[32mINSERT INTO "schema_migrations" ("version") VALUES ($1) RETURNING "version"[0m  [["version", "20230304022429"]]
  [1m[36mTRANSACTION (0.6ms)[0m  [1m[35mCOMMIT[0m
Migrating to DeviseCreateUsers (20230304023500)
  [1m[36mTRANSACTION (0.2ms)[0m  [1m[35mBEGIN[0m
  [1m[35m (2.6ms)[0m  [1m[35mCREATE TABLE "users" ("id" bigserial primary key, "email" character varying DEFAULT '' NOT NULL, "encrypted_password" character varying DEFAULT '' NOT NULL, "reset_password_token" character varying, "reset_password_sent_at" timestamp(6), "remember_created_at" timestamp(6), "created_at" timestamp(6) NOT NULL, "updated_at" timestamp(6) NOT NULL)[0m
  [1m[35m (0.6ms)[0m  [1m[35mCREATE UNIQUE INDEX "index_users_on_email" ON "users" ("email")[0m
  [1m[35m (0.6ms)[0m  [1m[35mCREATE UNIQUE INDEX "index_users_on_reset_password_token" ON "users" ("reset_password_token")[0m
  [1m[36mActiveRecord::SchemaMigration Create (0.2ms)[0m  [1m[32mINSERT INTO "schema_migrations" ("version") VALUES ($1) RETURNING "version"[0m  [["version", "20230304023500"]]
  [1m[36mTRANSACTION (0.4ms)[0m  [1m[35mCOMMIT[0m
Migrating to CreateStores (20230304024520)
  [1m[36mTRANSACTION (0.4ms)[0m  [1m[35mBEGIN[0m
  [1m[35m (3.3ms)[0m  [1m[35mCREATE TABLE "stores" ("id" bigserial primary key, "company_name" character varying, "location_name" character varying, "address" character varying, "created_at" timestamp(6) NOT NULL, "updated_at" timestamp(6) NOT NULL)[0m
  [1m[36mActiveRecord::SchemaMigration Create (0.2ms)[0m  [1m[32mINSERT INTO "schema_migrations" ("version") VALUES ($1) RETURNING "version"[0m  [["version", "20230304024520"]]
  [1m[36mTRANSACTION (0.3ms)[0m  [1m[35mCOMMIT[0m
  [1m[36mActiveRecord::InternalMetadata Load (0.5ms)[0m  [1m[34mSELECT "ar_internal_metadata".* FROM "ar_internal_metadata" WHERE "ar_internal_metadata"."key" = $1 LIMIT $2[0m  [["key", "environment"], ["LIMIT", 1]]
  [1m[36mTRANSACTION (0.1ms)[0m  [1m[35mBEGIN[0m
  [1m[36mActiveRecord::InternalMetadata Create (0.4ms)[0m  [1m[32mINSERT INTO "ar_internal_metadata" ("key", "value", "created_at", "updated_at") VALUES ($1, $2, $3, $4) RETURNING "key"[0m  [["key", "environment"], ["value", "development"], ["created_at", "2023-03-04 02:50:04.311693"], ["updated_at", "2023-03-04 02:50:04.311693"]]
  [1m[36mTRANSACTION (0.2ms)[0m  [1m[35mCOMMIT[0m
  [1m[35m (0.2ms)[0m  [1m[34mSELECT pg_advisory_unlock(5049656801970026610)[0m
  [1m[36mActiveRecord::SchemaMigration Pluck (0.6ms)[0m  [1m[34mSELECT "schema_migrations"."version" FROM "schema_migrations" ORDER BY "schema_migrations"."version" ASC[0m
  [1m[35m (0.3ms)[0m  [1m[34mSELECT pg_try_advisory_lock(5049656801970026610)[0m
  [1m[36mActiveRecord::SchemaMigration Pluck (0.8ms)[0m  [1m[34mSELECT "schema_migrations"."version" FROM "schema_migrations" ORDER BY "schema_migrations"."version" ASC[0m
  [1m[36mActiveRecord::InternalMetadata Load (0.5ms)[0m  [1m[34mSELECT "ar_internal_metadata".* FROM "ar_internal_metadata" WHERE "ar_internal_metadata"."key" = $1 LIMIT $2[0m  [["key", "environment"], ["LIMIT", 1]]
  [1m[35m (0.1ms)[0m  [1m[34mSELECT pg_advisory_unlock(5049656801970026610)[0m
  [1m[36mActiveRecord::SchemaMigration Pluck (0.5ms)[0m  [1m[34mSELECT "schema_migrations"."version" FROM "schema_migrations" ORDER BY "schema_migrations"."version" ASC[0m
  [1m[35m (0.2ms)[0m  [1m[34mSELECT pg_try_advisory_lock(5049656801970026610)[0m
  [1m[36mActiveRecord::SchemaMigration Pluck (0.7ms)[0m  [1m[34mSELECT "schema_migrations"."version" FROM "schema_migrations" ORDER BY "schema_migrations"."version" ASC[0m
Migrating to AddStoreIDtoPriceCharts (20230304025334)
  [1m[36mTRANSACTION (0.1ms)[0m  [1m[35mBEGIN[0m
  [1m[35m (0.7ms)[0m  [1m[35mALTER TABLE "price_chart" ADD "store_id" bigint[0m
  [1m[36mTRANSACTION (0.1ms)[0m  [1m[31mROLLBACK[0m
  [1m[35m (0.2ms)[0m  [1m[34mSELECT pg_advisory_unlock(5049656801970026610)[0m
  [1m[36mActiveRecord::SchemaMigration Pluck (0.9ms)[0m  [1m[34mSELECT "schema_migrations"."version" FROM "schema_migrations" ORDER BY "schema_migrations"."version" ASC[0m
  [1m[36mActiveRecord::InternalMetadata Pluck (0.9ms)[0m  [1m[34mSELECT "ar_internal_metadata"."value" FROM "ar_internal_metadata" WHERE "ar_internal_metadata"."key" = $1 LIMIT $2[0m  [["key", "environment"], ["LIMIT", 1]]
  [1m[36mActiveRecord::SchemaMigration Pluck (0.2ms)[0m  [1m[34mSELECT "schema_migrations"."version" FROM "schema_migrations" ORDER BY "schema_migrations"."version" ASC[0m
  [1m[36mActiveRecord::InternalMetadata Pluck (0.2ms)[0m  [1m[34mSELECT "ar_internal_metadata"."value" FROM "ar_internal_metadata" WHERE "ar_internal_metadata"."key" = $1 LIMIT $2[0m  [["key", "environment"], ["LIMIT", 1]]
  [1m[36mActiveRecord::SchemaMigration Pluck (0.2ms)[0m  [1m[34mSELECT "schema_migrations"."version" FROM "schema_migrations" ORDER BY "schema_migrations"."version" ASC[0m
  [1m[36mActiveRecord::InternalMetadata Pluck (0.2ms)[0m  [1m[34mSELECT "ar_internal_metadata"."value" FROM "ar_internal_metadata" WHERE "ar_internal_metadata"."key" = $1 LIMIT $2[0m  [["key", "environment"], ["LIMIT", 1]]
  [1m[35m (27.3ms)[0m  [1m[35mDROP DATABASE IF EXISTS "rbnb_development"[0m
  [1m[35m (19.5ms)[0m  [1m[35mDROP DATABASE IF EXISTS "rbnb_test"[0m
  [1m[35m (129.7ms)[0m  [1m[35mCREATE DATABASE "rbnb_development" ENCODING = 'unicode'[0m
  [1m[35m (37.5ms)[0m  [1m[35mCREATE DATABASE "rbnb_test" ENCODING = 'unicode'[0m
  [1m[35m (7.0ms)[0m  [1m[35mCREATE TABLE "schema_migrations" ("version" character varying NOT NULL PRIMARY KEY)[0m
  [1m[35m (2.9ms)[0m  [1m[35mCREATE TABLE "ar_internal_metadata" ("key" character varying NOT NULL PRIMARY KEY, "value" character varying, "created_at" timestamp(6) NOT NULL, "updated_at" timestamp(6) NOT NULL)[0m
  [1m[35m (0.3ms)[0m  [1m[34mSELECT pg_try_advisory_lock(5049656801970026610)[0m
  [1m[36mActiveRecord::SchemaMigration Pluck (0.4ms)[0m  [1m[34mSELECT "schema_migrations"."version" FROM "schema_migrations" ORDER BY "schema_migrations"."version" ASC[0m
Migrating to CreateBatches (20230304022427)
  [1m[36mTRANSACTION (0.1ms)[0m  [1m[35mBEGIN[0m
  [1m[35m (3.9ms)[0m  [1m[35mCREATE TABLE "batches" ("id" bigserial primary key, "name" character varying, "description" text, "created_at" timestamp(6) NOT NULL, "updated_at" timestamp(6) NOT NULL)[0m
  [1m[36mActiveRecord::SchemaMigration Create (0.4ms)[0m  [1m[32mINSERT INTO "schema_migrations" ("version") VALUES ($1) RETURNING "version"[0m  [["version", "20230304022427"]]
  [1m[36mTRANSACTION (0.4ms)[0m  [1m[35mCOMMIT[0m
Migrating to CreateProducts (20230304022428)
  [1m[36mTRANSACTION (0.3ms)[0m  [1m[35mBEGIN[0m
  [1m[35m (4.9ms)[0m  [1m[35mCREATE TABLE "products" ("id" bigserial primary key, "brand_name" character varying, "product_name" character varying, "weight" integer, "weight_type" character varying, "batch_id" bigint NOT NULL, "created_at" timestamp(6) NOT NULL, "updated_at" timestamp(6) NOT NULL, CONSTRAINT "fk_rails_01389ea7da"
FOREIGN KEY ("batch_id")
  REFERENCES "batches" ("id")
)[0m
  [1m[35m (0.6ms)[0m  [1m[35mCREATE INDEX "index_products_on_batch_id" ON "products" ("batch_id")[0m
  [1m[36mActiveRecord::SchemaMigration Create (0.2ms)[0m  [1m[32mINSERT INTO "schema_migrations" ("version") VALUES ($1) RETURNING "version"[0m  [["version", "20230304022428"]]
  [1m[36mTRANSACTION (0.5ms)[0m  [1m[35mCOMMIT[0m
Migrating to CreatePriceCharts (20230304022429)
  [1m[36mTRANSACTION (0.2ms)[0m  [1m[35mBEGIN[0m
  [1m[35m (2.5ms)[0m  [1m[35mCREATE TABLE "price_charts" ("id" bigserial primary key, "date" date, "price" float, "products_id" bigint NOT NULL, "created_at" timestamp(6) NOT NULL, "updated_at" timestamp(6) NOT NULL, CONSTRAINT "fk_rails_09783b235e"
FOREIGN KEY ("products_id")
  REFERENCES "products" ("id")
)[0m
  [1m[35m (0.9ms)[0m  [1m[35mCREATE INDEX "index_price_charts_on_products_id" ON "price_charts" ("products_id")[0m
  [1m[36mActiveRecord::SchemaMigration Create (0.2ms)[0m  [1m[32mINSERT INTO "schema_migrations" ("version") VALUES ($1) RETURNING "version"[0m  [["version", "20230304022429"]]
  [1m[36mTRANSACTION (0.6ms)[0m  [1m[35mCOMMIT[0m
Migrating to DeviseCreateUsers (20230304023500)
  [1m[36mTRANSACTION (0.3ms)[0m  [1m[35mBEGIN[0m
  [1m[35m (4.1ms)[0m  [1m[35mCREATE TABLE "users" ("id" bigserial primary key, "email" character varying DEFAULT '' NOT NULL, "encrypted_password" character varying DEFAULT '' NOT NULL, "reset_password_token" character varying, "reset_password_sent_at" timestamp(6), "remember_created_at" timestamp(6), "created_at" timestamp(6) NOT NULL, "updated_at" timestamp(6) NOT NULL)[0m
  [1m[35m (0.8ms)[0m  [1m[35mCREATE UNIQUE INDEX "index_users_on_email" ON "users" ("email")[0m
  [1m[35m (0.9ms)[0m  [1m[35mCREATE UNIQUE INDEX "index_users_on_reset_password_token" ON "users" ("reset_password_token")[0m
  [1m[36mActiveRecord::SchemaMigration Create (0.3ms)[0m  [1m[32mINSERT INTO "schema_migrations" ("version") VALUES ($1) RETURNING "version"[0m  [["version", "20230304023500"]]
  [1m[36mTRANSACTION (0.8ms)[0m  [1m[35mCOMMIT[0m
Migrating to CreateStores (20230304024520)
  [1m[36mTRANSACTION (0.3ms)[0m  [1m[35mBEGIN[0m
  [1m[35m (2.9ms)[0m  [1m[35mCREATE TABLE "stores" ("id" bigserial primary key, "company_name" character varying, "location_name" character varying, "address" character varying, "created_at" timestamp(6) NOT NULL, "updated_at" timestamp(6) NOT NULL)[0m
  [1m[36mActiveRecord::SchemaMigration Create (0.2ms)[0m  [1m[32mINSERT INTO "schema_migrations" ("version") VALUES ($1) RETURNING "version"[0m  [["version", "20230304024520"]]
  [1m[36mTRANSACTION (0.8ms)[0m  [1m[35mCOMMIT[0m
Migrating to AddStoreIDtoPriceCharts (20230304025334)
  [1m[36mTRANSACTION (1.6ms)[0m  [1m[35mBEGIN[0m
  [1m[35m (0.4ms)[0m  [1m[35mALTER TABLE "price_chart" ADD "store_id" bigint[0m
  [1m[36mTRANSACTION (0.1ms)[0m  [1m[31mROLLBACK[0m
  [1m[35m (0.3ms)[0m  [1m[34mSELECT pg_advisory_unlock(5049656801970026610)[0m
  [1m[35m (0.1ms)[0m  [1m[34mSELECT pg_try_advisory_lock(5049656801970026610)[0m
  [1m[36mActiveRecord::SchemaMigration Pluck (0.6ms)[0m  [1m[34mSELECT "schema_migrations"."version" FROM "schema_migrations" ORDER BY "schema_migrations"."version" ASC[0m
Migrating to AddStoreIDtoPriceCharts (20230304025334)
  [1m[36mTRANSACTION (0.1ms)[0m  [1m[35mBEGIN[0m
  [1m[35m (0.7ms)[0m  [1m[35mALTER TABLE "price_charts" ADD "stores_id" bigint[0m
  [1m[35m (1.7ms)[0m  [1m[35mCREATE INDEX "index_price_charts_on_stores_id" ON "price_charts" ("stores_id")[0m
  [1m[35m (2.8ms)[0m  [1m[35mALTER TABLE "price_charts" ADD CONSTRAINT "fk_rails_4735a51c7a"
FOREIGN KEY ("stores_id")
  REFERENCES "stores" ("id")
[0m
  [1m[36mActiveRecord::SchemaMigration Create (0.4ms)[0m  [1m[32mINSERT INTO "schema_migrations" ("version") VALUES ($1) RETURNING "version"[0m  [["version", "20230304025334"]]
  [1m[36mTRANSACTION (0.7ms)[0m  [1m[35mCOMMIT[0m
  [1m[36mActiveRecord::InternalMetadata Load (0.5ms)[0m  [1m[34mSELECT "ar_internal_metadata".* FROM "ar_internal_metadata" WHERE "ar_internal_metadata"."key" = $1 LIMIT $2[0m  [["key", "environment"], ["LIMIT", 1]]
  [1m[36mTRANSACTION (0.1ms)[0m  [1m[35mBEGIN[0m
  [1m[36mActiveRecord::InternalMetadata Create (0.7ms)[0m  [1m[32mINSERT INTO "ar_internal_metadata" ("key", "value", "created_at", "updated_at") VALUES ($1, $2, $3, $4) RETURNING "key"[0m  [["key", "environment"], ["value", "development"], ["created_at", "2023-03-04 02:55:26.147244"], ["updated_at", "2023-03-04 02:55:26.147244"]]
  [1m[36mTRANSACTION (0.2ms)[0m  [1m[35mCOMMIT[0m
  [1m[35m (0.2ms)[0m  [1m[34mSELECT pg_advisory_unlock(5049656801970026610)[0m
  [1m[36mActiveRecord::SchemaMigration Pluck (0.7ms)[0m  [1m[34mSELECT "schema_migrations"."version" FROM "schema_migrations" ORDER BY "schema_migrations"."version" ASC[0m
Started GET "/" for ::1 at 2023-03-04 15:11:44 +1100
  [1m[36mActiveRecord::SchemaMigration Pluck (0.8ms)[0m  [1m[34mSELECT "schema_migrations"."version" FROM "schema_migrations" ORDER BY "schema_migrations"."version" ASC[0m
Processing by PagesController#home as HTML
  Rendering layout layouts/application.html.erb
  Rendering pages/home.html.erb within layouts/application
  Rendered pages/home.html.erb within layouts/application (Duration: 0.6ms | Allocations: 282)
  Rendered layout layouts/application.html.erb (Duration: 54.5ms | Allocations: 45417)
Completed 200 OK in 59ms (Views: 55.9ms | ActiveRecord: 0.0ms | Allocations: 48366)


Started GET "/" for ::1 at 2023-03-04 15:21:03 +1100
  [1m[36mActiveRecord::SchemaMigration Pluck (0.7ms)[0m  [1m[34mSELECT "schema_migrations"."version" FROM "schema_migrations" ORDER BY "schema_migrations"."version" ASC[0m
Processing by PagesController#home as HTML
  Rendering layout layouts/application.html.erb
  Rendering pages/home.html.erb within layouts/application
  Rendered pages/home.html.erb within layouts/application (Duration: 0.5ms | Allocations: 282)
  Rendered layout layouts/application.html.erb (Duration: 52.9ms | Allocations: 44361)
Completed 200 OK in 58ms (Views: 54.9ms | ActiveRecord: 0.0ms | Allocations: 47310)


Started GET "/" for ::1 at 2023-03-04 15:21:44 +1100
Processing by PagesController#home as HTML
  Rendering layout layouts/application.html.erb
  Rendering pages/home.html.erb within layouts/application
  Rendered pages/home.html.erb within layouts/application (Duration: 0.8ms | Allocations: 265)
  Rendered layout layouts/application.html.erb (Duration: 7.9ms | Allocations: 9408)
Completed 200 OK in 11ms (Views: 9.8ms | ActiveRecord: 0.0ms | Allocations: 10277)


Started GET "/batch" for ::1 at 2023-03-04 15:21:44 +1100
Processing by BatchController#index as HTML
  Rendering layout layouts/application.html.erb
  Rendering batch/index.html.erb within layouts/application
  [1m[36mBatch Load (1.2ms)[0m  [1m[34mSELECT "batches".* FROM "batches"[0m
  ↳ app/views/batch/index.html.erb:3
  Rendered batch/index.html.erb within layouts/application (Duration: 3.0ms | Allocations: 981)
  Rendered layout layouts/application.html.erb (Duration: 13.4ms | Allocations: 9934)
Completed 200 OK in 18ms (Views: 13.9ms | ActiveRecord: 1.2ms | Allocations: 11176)


  [1m[36mActiveRecord::SchemaMigration Pluck (0.5ms)[0m  [1m[34mSELECT "schema_migrations"."version" FROM "schema_migrations" ORDER BY "schema_migrations"."version" ASC[0m
  [1m[36mTRANSACTION (0.1ms)[0m  [1m[35mBEGIN[0m
  [1m[36mBatch Create (1.4ms)[0m  [1m[32mINSERT INTO "batches" ("name", "description", "created_at", "updated_at") VALUES ($1, $2, $3, $4) RETURNING "id"[0m  [["name", "Bananas"], ["description", nil], ["created_at", "2023-03-04 05:06:18.236527"], ["updated_at", "2023-03-04 05:06:18.236527"]]
  [1m[36mTRANSACTION (0.5ms)[0m  [1m[35mCOMMIT[0m
  [1m[36mTRANSACTION (0.1ms)[0m  [1m[35mBEGIN[0m
  [1m[36mBatch Create (0.2ms)[0m  [1m[32mINSERT INTO "batches" ("name", "description", "created_at", "updated_at") VALUES ($1, $2, $3, $4) RETURNING "id"[0m  [["name", "Hass Avocados"], ["description", nil], ["created_at", "2023-03-04 05:06:18.240514"], ["updated_at", "2023-03-04 05:06:18.240514"]]
  [1m[36mTRANSACTION (0.1ms)[0m  [1m[35mCOMMIT[0m
  [1m[36mTRANSACTION (0.0ms)[0m  [1m[35mBEGIN[0m
  [1m[36mBatch Create (0.2ms)[0m  [1m[32mINSERT INTO "batches" ("name", "description", "created_at", "updated_at") VALUES ($1, $2, $3, $4) RETURNING "id"[0m  [["name", "Strawberries Prepacked"], ["description", nil], ["created_at", "2023-03-04 05:06:18.242153"], ["updated_at", "2023-03-04 05:06:18.242153"]]
  [1m[36mTRANSACTION (0.2ms)[0m  [1m[35mCOMMIT[0m
  [1m[36mTRANSACTION (0.0ms)[0m  [1m[35mBEGIN[0m
  [1m[36mBatch Create (0.2ms)[0m  [1m[32mINSERT INTO "batches" ("name", "description", "created_at", "updated_at") VALUES ($1, $2, $3, $4) RETURNING "id"[0m  [["name", "Blueberries Prepacked"], ["description", nil], ["created_at", "2023-03-04 05:06:18.243646"], ["updated_at", "2023-03-04 05:06:18.243646"]]
  [1m[36mTRANSACTION (0.1ms)[0m  [1m[35mCOMMIT[0m
  [1m[36mTRANSACTION (0.0ms)[0m  [1m[35mBEGIN[0m
  [1m[36mBatch Create (0.1ms)[0m  [1m[32mINSERT INTO "batches" ("name", "description", "created_at", "updated_at") VALUES ($1, $2, $3, $4) RETURNING "id"[0m  [["name", "Raspberries"], ["description", nil], ["created_at", "2023-03-04 05:06:18.245027"], ["updated_at", "2023-03-04 05:06:18.245027"]]
  [1m[36mTRANSACTION (0.2ms)[0m  [1m[35mCOMMIT[0m
  [1m[36mTRANSACTION (0.1ms)[0m  [1m[35mBEGIN[0m
  [1m[36mBatch Create (0.1ms)[0m  [1m[32mINSERT INTO "batches" ("name", "description", "created_at", "updated_at") VALUES ($1, $2, $3, $4) RETURNING "id"[0m  [["name", "White Seedless Grapes"], ["description", nil], ["created_at", "2023-03-04 05:06:18.246439"], ["updated_at", "2023-03-04 05:06:18.246439"]]
  [1m[36mTRANSACTION (0.2ms)[0m  [1m[35mCOMMIT[0m
  [1m[36mTRANSACTION (0.1ms)[0m  [1m[35mBEGIN[0m
  [1m[36mBatch Create (0.1ms)[0m  [1m[32mINSERT INTO "batches" ("name", "description", "created_at", "updated_at") VALUES ($1, $2, $3, $4) RETURNING "id"[0m  [["name", "Lebanese Cucumbers"], ["description", nil], ["created_at", "2023-03-04 05:06:18.247851"], ["updated_at", "2023-03-04 05:06:18.247851"]]
  [1m[36mTRANSACTION (0.2ms)[0m  [1m[35mCOMMIT[0m
  [1m[36mTRANSACTION (0.1ms)[0m  [1m[35mBEGIN[0m
  [1m[36mBatch Create (0.2ms)[0m  [1m[32mINSERT INTO "batches" ("name", "description", "created_at", "updated_at") VALUES ($1, $2, $3, $4) RETURNING "id"[0m  [["name", "Greenhouse Truss Tomatoes"], ["description", nil], ["created_at", "2023-03-04 05:06:18.249248"], ["updated_at", "2023-03-04 05:06:18.249248"]]
  [1m[36mTRANSACTION (0.4ms)[0m  [1m[35mCOMMIT[0m
  [1m[36mTRANSACTION (0.1ms)[0m  [1m[35mBEGIN[0m
  [1m[36mBatch Create (0.3ms)[0m  [1m[32mINSERT INTO "batches" ("name", "description", "created_at", "updated_at") VALUES ($1, $2, $3, $4) RETURNING "id"[0m  [["name", "Blackberries"], ["description", nil], ["created_at", "2023-03-04 05:06:18.250919"], ["updated_at", "2023-03-04 05:06:18.250919"]]
  [1m[36mTRANSACTION (0.2ms)[0m  [1m[35mCOMMIT[0m
  [1m[36mTRANSACTION (0.1ms)[0m  [1m[35mBEGIN[0m
  [1m[36mBatch Create (0.2ms)[0m  [1m[32mINSERT INTO "batches" ("name", "description", "created_at", "updated_at") VALUES ($1, $2, $3, $4) RETURNING "id"[0m  [["name", "Red Cherries"], ["description", nil], ["created_at", "2023-03-04 05:06:18.252529"], ["updated_at", "2023-03-04 05:06:18.252529"]]
  [1m[36mTRANSACTION (0.1ms)[0m  [1m[35mCOMMIT[0m
  [1m[36mTRANSACTION (0.1ms)[0m  [1m[35mBEGIN[0m
  [1m[36mBatch Create (0.1ms)[0m  [1m[32mINSERT INTO "batches" ("name", "description", "created_at", "updated_at") VALUES ($1, $2, $3, $4) RETURNING "id"[0m  [["name", "Grape Perino Tomatoes Prepacked"], ["description", nil], ["created_at", "2023-03-04 05:06:18.253870"], ["updated_at", "2023-03-04 05:06:18.253870"]]
  [1m[36mTRANSACTION (0.1ms)[0m  [1m[35mCOMMIT[0m
  [1m[36mTRANSACTION (0.1ms)[0m  [1m[35mBEGIN[0m
  [1m[36mBatch Create (0.1ms)[0m  [1m[32mINSERT INTO "batches" ("name", "description", "created_at", "updated_at") VALUES ($1, $2, $3, $4) RETURNING "id"[0m  [["name", "Carrots"], ["description", nil], ["created_at", "2023-03-04 05:06:18.255240"], ["updated_at", "2023-03-04 05:06:18.255240"]]
  [1m[36mTRANSACTION (0.1ms)[0m  [1m[35mCOMMIT[0m
  [1m[36mTRANSACTION (0.1ms)[0m  [1m[35mBEGIN[0m
  [1m[36mBatch Create (0.1ms)[0m  [1m[32mINSERT INTO "batches" ("name", "description", "created_at", "updated_at") VALUES ($1, $2, $3, $4) RETURNING "id"[0m  [["name", "Broccoli"], ["description", nil], ["created_at", "2023-03-04 05:06:18.256557"], ["updated_at", "2023-03-04 05:06:18.256557"]]
  [1m[36mTRANSACTION (0.2ms)[0m  [1m[35mCOMMIT[0m
  [1m[36mTRANSACTION (0.1ms)[0m  [1m[35mBEGIN[0m
  [1m[36mBatch Create (0.2ms)[0m  [1m[32mINSERT INTO "batches" ("name", "description", "created_at", "updated_at") VALUES ($1, $2, $3, $4) RETURNING "id"[0m  [["name", "Yellow Nectarines"], ["description", nil], ["created_at", "2023-03-04 05:06:18.257948"], ["updated_at", "2023-03-04 05:06:18.257948"]]
  [1m[36mTRANSACTION (0.1ms)[0m  [1m[35mCOMMIT[0m
  [1m[36mTRANSACTION (1.2ms)[0m  [1m[35mBEGIN[0m
  [1m[36mBatch Create (0.2ms)[0m  [1m[32mINSERT INTO "batches" ("name", "description", "created_at", "updated_at") VALUES ($1, $2, $3, $4) RETURNING "id"[0m  [["name", "White Nectarines"], ["description", nil], ["created_at", "2023-03-04 05:06:18.259261"], ["updated_at", "2023-03-04 05:06:18.259261"]]
  [1m[36mTRANSACTION (0.2ms)[0m  [1m[35mCOMMIT[0m
  [1m[36mTRANSACTION (0.1ms)[0m  [1m[35mBEGIN[0m
  [1m[36mBatch Create (0.2ms)[0m  [1m[32mINSERT INTO "batches" ("name", "description", "created_at", "updated_at") VALUES ($1, $2, $3, $4) RETURNING "id"[0m  [["name", "Honey Gold Mangoes Medium"], ["description", nil], ["created_at", "2023-03-04 05:06:18.261904"], ["updated_at", "2023-03-04 05:06:18.261904"]]
  [1m[36mTRANSACTION (0.2ms)[0m  [1m[35mCOMMIT[0m
  [1m[36mTRANSACTION (0.0ms)[0m  [1m[35mBEGIN[0m
  [1m[36mBatch Create (0.1ms)[0m  [1m[32mINSERT INTO "batches" ("name", "description", "created_at", "updated_at") VALUES ($1, $2, $3, $4) RETURNING "id"[0m  [["name", "Brown Onions"], ["description", nil], ["created_at", "2023-03-04 05:06:18.263345"], ["updated_at", "2023-03-04 05:06:18.263345"]]
  [1m[36mTRANSACTION (0.1ms)[0m  [1m[35mCOMMIT[0m
  [1m[36mTRANSACTION (0.1ms)[0m  [1m[35mBEGIN[0m
  [1m[36mBatch Create (0.2ms)[0m  [1m[32mINSERT INTO "batches" ("name", "description", "created_at", "updated_at") VALUES ($1, $2, $3, $4) RETURNING "id"[0m  [["name", "Red Capsicum"], ["description", nil], ["created_at", "2023-03-04 05:06:18.264773"], ["updated_at", "2023-03-04 05:06:18.264773"]]
  [1m[36mTRANSACTION (0.1ms)[0m  [1m[35mCOMMIT[0m
  [1m[36mTRANSACTION (0.1ms)[0m  [1m[35mBEGIN[0m
  [1m[36mBatch Create (0.1ms)[0m  [1m[32mINSERT INTO "batches" ("name", "description", "created_at", "updated_at") VALUES ($1, $2, $3, $4) RETURNING "id"[0m  [["name", "White Peaches"], ["description", nil], ["created_at", "2023-03-04 05:06:18.266164"], ["updated_at", "2023-03-04 05:06:18.266164"]]
  [1m[36mTRANSACTION (0.1ms)[0m  [1m[35mCOMMIT[0m
  [1m[36mTRANSACTION (0.0ms)[0m  [1m[35mBEGIN[0m
  [1m[36mBatch Create (0.1ms)[0m  [1m[32mINSERT INTO "batches" ("name", "description", "created_at", "updated_at") VALUES ($1, $2, $3, $4) RETURNING "id"[0m  [["name", "Seedless Watermelon Cut"], ["description", nil], ["created_at", "2023-03-04 05:06:18.267484"], ["updated_at", "2023-03-04 05:06:18.267484"]]
  [1m[36mTRANSACTION (0.1ms)[0m  [1m[35mCOMMIT[0m
  [1m[36mTRANSACTION (0.1ms)[0m  [1m[35mBEGIN[0m
  [1m[36mBatch Create (0.2ms)[0m  [1m[32mINSERT INTO "batches" ("name", "description", "created_at", "updated_at") VALUES ($1, $2, $3, $4) RETURNING "id"[0m  [["name", "Yellow Peaches"], ["description", nil], ["created_at", "2023-03-04 05:06:18.268784"], ["updated_at", "2023-03-04 05:06:18.268784"]]
  [1m[36mTRANSACTION (0.2ms)[0m  [1m[35mCOMMIT[0m
  [1m[36mTRANSACTION (0.1ms)[0m  [1m[35mBEGIN[0m
  [1m[36mBatch Create (0.1ms)[0m  [1m[32mINSERT INTO "batches" ("name", "description", "created_at", "updated_at") VALUES ($1, $2, $3, $4) RETURNING "id"[0m  [["name", "Red Onions"], ["description", nil], ["created_at", "2023-03-04 05:06:18.270239"], ["updated_at", "2023-03-04 05:06:18.270239"]]
  [1m[36mTRANSACTION (0.2ms)[0m  [1m[35mCOMMIT[0m
  [1m[36mTRANSACTION (0.1ms)[0m  [1m[35mBEGIN[0m
  [1m[36mBatch Create (0.2ms)[0m  [1m[32mINSERT INTO "batches" ("name", "description", "created_at", "updated_at") VALUES ($1, $2, $3, $4) RETURNING "id"[0m  [["name", "Medium Lemons"], ["description", nil], ["created_at", "2023-03-04 05:06:18.271855"], ["updated_at", "2023-03-04 05:06:18.271855"]]
  [1m[36mTRANSACTION (0.2ms)[0m  [1m[35mCOMMIT[0m
  [1m[36mTRANSACTION (0.1ms)[0m  [1m[35mBEGIN[0m
  [1m[36mBatch Create (0.1ms)[0m  [1m[32mINSERT INTO "batches" ("name", "description", "created_at", "updated_at") VALUES ($1, $2, $3, $4) RETURNING "id"[0m  [["name", "Iceberg Lettuce"], ["description", nil], ["created_at", "2023-03-04 05:06:18.273211"], ["updated_at", "2023-03-04 05:06:18.273211"]]
  [1m[36mTRANSACTION (0.2ms)[0m  [1m[35mCOMMIT[0m
  [1m[36mTRANSACTION (0.1ms)[0m  [1m[35mBEGIN[0m
  [1m[36mBatch Create (0.1ms)[0m  [1m[32mINSERT INTO "batches" ("name", "description", "created_at", "updated_at") VALUES ($1, $2, $3, $4) RETURNING "id"[0m  [["name", "Brown Onions"], ["description", nil], ["created_at", "2023-03-04 05:06:18.274588"], ["updated_at", "2023-03-04 05:06:18.274588"]]
  [1m[36mTRANSACTION (0.1ms)[0m  [1m[35mCOMMIT[0m
  [1m[36mTRANSACTION (0.1ms)[0m  [1m[35mBEGIN[0m
  [1m[36mBatch Create (0.2ms)[0m  [1m[32mINSERT INTO "batches" ("name", "description", "created_at", "updated_at") VALUES ($1, $2, $3, $4) RETURNING "id"[0m  [["name", "Continental Cucumbers"], ["description", nil], ["created_at", "2023-03-04 05:06:18.275959"], ["updated_at", "2023-03-04 05:06:18.275959"]]
  [1m[36mTRANSACTION (0.2ms)[0m  [1m[35mCOMMIT[0m
  [1m[36mTRANSACTION (0.1ms)[0m  [1m[35mBEGIN[0m
  [1m[36mBatch Create (0.1ms)[0m  [1m[32mINSERT INTO "batches" ("name", "description", "created_at", "updated_at") VALUES ($1, $2, $3, $4) RETURNING "id"[0m  [["name", "Sweet Corn Prepacked"], ["description", nil], ["created_at", "2023-03-04 05:06:18.277335"], ["updated_at", "2023-03-04 05:06:18.277335"]]
  [1m[36mTRANSACTION (0.1ms)[0m  [1m[35mCOMMIT[0m
  [1m[36mTRANSACTION (0.1ms)[0m  [1m[35mBEGIN[0m
  [1m[36mBatch Create (0.1ms)[0m  [1m[32mINSERT INTO "batches" ("name", "description", "created_at", "updated_at") VALUES ($1, $2, $3, $4) RETURNING "id"[0m  [["name", "Pink Lady Apples"], ["description", nil], ["created_at", "2023-03-04 05:06:18.278681"], ["updated_at", "2023-03-04 05:06:18.278681"]]
  [1m[36mTRANSACTION (0.2ms)[0m  [1m[35mCOMMIT[0m
  [1m[36mTRANSACTION (0.1ms)[0m  [1m[35mBEGIN[0m
  [1m[36mBatch Create (0.1ms)[0m  [1m[32mINSERT INTO "batches" ("name", "description", "created_at", "updated_at") VALUES ($1, $2, $3, $4) RETURNING "id"[0m  [["name", "Green Zucchini"], ["description", nil], ["created_at", "2023-03-04 05:06:18.279994"], ["updated_at", "2023-03-04 05:06:18.279994"]]
  [1m[36mTRANSACTION (0.2ms)[0m  [1m[35mCOMMIT[0m
  [1m[36mTRANSACTION (0.1ms)[0m  [1m[35mBEGIN[0m
  [1m[36mBatch Create (0.3ms)[0m  [1m[32mINSERT INTO "batches" ("name", "description", "created_at", "updated_at") VALUES ($1, $2, $3, $4) RETURNING "id"[0m  [["name", "Spring Onions"], ["description", nil], ["created_at", "2023-03-04 05:06:18.281361"], ["updated_at", "2023-03-04 05:06:18.281361"]]
  [1m[36mTRANSACTION (0.2ms)[0m  [1m[35mCOMMIT[0m
  [1m[36mTRANSACTION (0.1ms)[0m  [1m[35mBEGIN[0m
  [1m[36mBatch Create (0.1ms)[0m  [1m[32mINSERT INTO "batches" ("name", "description", "created_at", "updated_at") VALUES ($1, $2, $3, $4) RETURNING "id"[0m  [["name", "Sweet Corn"], ["description", nil], ["created_at", "2023-03-04 05:06:18.282908"], ["updated_at", "2023-03-04 05:06:18.282908"]]
  [1m[36mTRANSACTION (0.1ms)[0m  [1m[35mCOMMIT[0m
  [1m[36mTRANSACTION (0.1ms)[0m  [1m[35mBEGIN[0m
  [1m[36mBatch Create (0.1ms)[0m  [1m[32mINSERT INTO "batches" ("name", "description", "created_at", "updated_at") VALUES ($1, $2, $3, $4) RETURNING "id"[0m  [["name", "Baby Cucumbers"], ["description", nil], ["created_at", "2023-03-04 05:06:18.284236"], ["updated_at", "2023-03-04 05:06:18.284236"]]
  [1m[36mTRANSACTION (0.1ms)[0m  [1m[35mCOMMIT[0m
  [1m[36mTRANSACTION (0.1ms)[0m  [1m[35mBEGIN[0m
  [1m[36mBatch Create (0.1ms)[0m  [1m[32mINSERT INTO "batches" ("name", "description", "created_at", "updated_at") VALUES ($1, $2, $3, $4) RETURNING "id"[0m  [["name", "Medium Navel Oranges"], ["description", nil], ["created_at", "2023-03-04 05:06:18.285537"], ["updated_at", "2023-03-04 05:06:18.285537"]]
  [1m[36mTRANSACTION (0.1ms)[0m  [1m[35mCOMMIT[0m
  [1m[36mTRANSACTION (0.1ms)[0m  [1m[35mBEGIN[0m
  [1m[36mBatch Create (0.1ms)[0m  [1m[32mINSERT INTO "batches" ("name", "description", "created_at", "updated_at") VALUES ($1, $2, $3, $4) RETURNING "id"[0m  [["name", "Carrots"], ["description", nil], ["created_at", "2023-03-04 05:06:18.286774"], ["updated_at", "2023-03-04 05:06:18.286774"]]
  [1m[36mTRANSACTION (0.2ms)[0m  [1m[35mCOMMIT[0m
  [1m[36mTRANSACTION (0.1ms)[0m  [1m[35mBEGIN[0m
  [1m[36mBatch Create (0.1ms)[0m  [1m[32mINSERT INTO "batches" ("name", "description", "created_at", "updated_at") VALUES ($1, $2, $3, $4) RETURNING "id"[0m  [["name", "Sweet Gold Potatoes"], ["description", nil], ["created_at", "2023-03-04 05:06:18.288027"], ["updated_at", "2023-03-04 05:06:18.288027"]]
  [1m[36mTRANSACTION (0.3ms)[0m  [1m[35mCOMMIT[0m
  [1m[36mTRANSACTION (0.1ms)[0m  [1m[35mBEGIN[0m
  [1m[36mBatch Create (0.3ms)[0m  [1m[32mINSERT INTO "batches" ("name", "description", "created_at", "updated_at") VALUES ($1, $2, $3, $4) RETURNING "id"[0m  [["name", "Kids Pack Bananas"], ["description", nil], ["created_at", "2023-03-04 05:06:18.289456"], ["updated_at", "2023-03-04 05:06:18.289456"]]
  [1m[36mTRANSACTION (0.3ms)[0m  [1m[35mCOMMIT[0m
  [1m[36mTRANSACTION (0.1ms)[0m  [1m[35mBEGIN[0m
  [1m[36mBatch Create (0.2ms)[0m  [1m[32mINSERT INTO "batches" ("name", "description", "created_at", "updated_at") VALUES ($1, $2, $3, $4) RETURNING "id"[0m  [["name", "Lychees"], ["description", nil], ["created_at", "2023-03-04 05:06:18.291066"], ["updated_at", "2023-03-04 05:06:18.291066"]]
  [1m[36mTRANSACTION (0.2ms)[0m  [1m[35mCOMMIT[0m
  [1m[36mTRANSACTION (0.1ms)[0m  [1m[35mBEGIN[0m
  [1m[36mBatch Create (0.1ms)[0m  [1m[32mINSERT INTO "batches" ("name", "description", "created_at", "updated_at") VALUES ($1, $2, $3, $4) RETURNING "id"[0m  [["name", "Baby Broccoli"], ["description", nil], ["created_at", "2023-03-04 05:06:18.292507"], ["updated_at", "2023-03-04 05:06:18.292507"]]
  [1m[36mTRANSACTION (0.2ms)[0m  [1m[35mCOMMIT[0m
  [1m[36mTRANSACTION (0.0ms)[0m  [1m[35mBEGIN[0m
  [1m[36mBatch Create (0.2ms)[0m  [1m[32mINSERT INTO "batches" ("name", "description", "created_at", "updated_at") VALUES ($1, $2, $3, $4) RETURNING "id"[0m  [["name", "Creme Gold Washed Potatoes"], ["description", nil], ["created_at", "2023-03-04 05:06:18.293918"], ["updated_at", "2023-03-04 05:06:18.293918"]]
  [1m[36mTRANSACTION (0.1ms)[0m  [1m[35mCOMMIT[0m
  [1m[36mTRANSACTION (0.1ms)[0m  [1m[35mBEGIN[0m
  [1m[36mBatch Create (0.1ms)[0m  [1m[32mINSERT INTO "batches" ("name", "description", "created_at", "updated_at") VALUES ($1, $2, $3, $4) RETURNING "id"[0m  [["name", "Fresh Loose Cup"], ["description", nil], ["created_at", "2023-03-04 05:06:18.295244"], ["updated_at", "2023-03-04 05:06:18.295244"]]
  [1m[36mTRANSACTION (0.1ms)[0m  [1m[35mCOMMIT[0m
  [1m[36mTRANSACTION (0.1ms)[0m  [1m[35mBEGIN[0m
  [1m[36mBatch Create (0.2ms)[0m  [1m[32mINSERT INTO "batches" ("name", "description", "created_at", "updated_at") VALUES ($1, $2, $3, $4) RETURNING "id"[0m  [["name", "Granny Smith Medium Apples"], ["description", nil], ["created_at", "2023-03-04 05:06:18.296486"], ["updated_at", "2023-03-04 05:06:18.296486"]]
  [1m[36mTRANSACTION (0.2ms)[0m  [1m[35mCOMMIT[0m
  [1m[36mTRANSACTION (0.1ms)[0m  [1m[35mBEGIN[0m
  [1m[36mBatch Create (0.1ms)[0m  [1m[32mINSERT INTO "batches" ("name", "description", "created_at", "updated_at") VALUES ($1, $2, $3, $4) RETURNING "id"[0m  [["name", "Sleeved Herbs Coriander"], ["description", nil], ["created_at", "2023-03-04 05:06:18.297866"], ["updated_at", "2023-03-04 05:06:18.297866"]]
  [1m[36mTRANSACTION (0.1ms)[0m  [1m[35mCOMMIT[0m
  [1m[36mTRANSACTION (0.2ms)[0m  [1m[35mBEGIN[0m
  [1m[36mBatch Create (0.2ms)[0m  [1m[32mINSERT INTO "batches" ("name", "description", "created_at", "updated_at") VALUES ($1, $2, $3, $4) RETURNING "id"[0m  [["name", "Creme Royale Brushed Potatoes loose"], ["description", nil], ["created_at", "2023-03-04 05:06:18.299108"], ["updated_at", "2023-03-04 05:06:18.299108"]]
  [1m[36mTRANSACTION (0.4ms)[0m  [1m[35mCOMMIT[0m
  [1m[36mTRANSACTION (0.1ms)[0m  [1m[35mBEGIN[0m
  [1m[36mBatch Create (0.2ms)[0m  [1m[32mINSERT INTO "batches" ("name", "description", "created_at", "updated_at") VALUES ($1, $2, $3, $4) RETURNING "id"[0m  [["name", "Field Tomatoes"], ["description", nil], ["created_at", "2023-03-04 05:06:18.300884"], ["updated_at", "2023-03-04 05:06:18.300884"]]
  [1m[36mTRANSACTION (0.4ms)[0m  [1m[35mCOMMIT[0m
  [1m[36mTRANSACTION (0.1ms)[0m  [1m[35mBEGIN[0m
  [1m[36mBatch Create (0.2ms)[0m  [1m[32mINSERT INTO "batches" ("name", "description", "created_at", "updated_at") VALUES ($1, $2, $3, $4) RETURNING "id"[0m  [["name", "Garlic loose"], ["description", nil], ["created_at", "2023-03-04 05:06:18.302606"], ["updated_at", "2023-03-04 05:06:18.302606"]]
  [1m[36mTRANSACTION (0.1ms)[0m  [1m[35mCOMMIT[0m
  [1m[36mTRANSACTION (0.1ms)[0m  [1m[35mBEGIN[0m
  [1m[36mBatch Create (0.1ms)[0m  [1m[32mINSERT INTO "batches" ("name", "description", "created_at", "updated_at") VALUES ($1, $2, $3, $4) RETURNING "id"[0m  [["name", "Roma Tomatoes"], ["description", nil], ["created_at", "2023-03-04 05:06:18.303927"], ["updated_at", "2023-03-04 05:06:18.303927"]]
  [1m[36mTRANSACTION (0.1ms)[0m  [1m[35mCOMMIT[0m
  [1m[36mTRANSACTION (0.1ms)[0m  [1m[35mBEGIN[0m
  [1m[36mBatch Create (0.2ms)[0m  [1m[32mINSERT INTO "batches" ("name", "description", "created_at", "updated_at") VALUES ($1, $2, $3, $4) RETURNING "id"[0m  [["name", "Medium Calypso Mangoes"], ["description", nil], ["created_at", "2023-03-04 05:06:18.305175"], ["updated_at", "2023-03-04 05:06:18.305175"]]
  [1m[36mTRANSACTION (0.1ms)[0m  [1m[35mCOMMIT[0m
  [1m[36mTRANSACTION (0.1ms)[0m  [1m[35mBEGIN[0m
  [1m[36mBatch Create (0.1ms)[0m  [1m[32mINSERT INTO "batches" ("name", "description", "created_at", "updated_at") VALUES ($1, $2, $3, $4) RETURNING "id"[0m  [["name", "Baby Cos Lettuce"], ["description", nil], ["created_at", "2023-03-04 05:06:18.306458"], ["updated_at", "2023-03-04 05:06:18.306458"]]
  [1m[36mTRANSACTION (0.1ms)[0m  [1m[35mCOMMIT[0m
Started GET "/batch" for ::1 at 2023-03-04 16:06:34 +1100
  [1m[36mActiveRecord::SchemaMigration Pluck (0.9ms)[0m  [1m[34mSELECT "schema_migrations"."version" FROM "schema_migrations" ORDER BY "schema_migrations"."version" ASC[0m
Processing by BatchController#index as HTML
  Rendering layout layouts/application.html.erb
  Rendering batch/index.html.erb within layouts/application
  [1m[36mBatch Load (0.9ms)[0m  [1m[34mSELECT "batches".* FROM "batches"[0m
  ↳ app/views/batch/index.html.erb:3
  Rendered batch/index.html.erb within layouts/application (Duration: 10.3ms | Allocations: 5694)
  Rendered layout layouts/application.html.erb (Duration: 62.7ms | Allocations: 49844)
Completed 200 OK in 68ms (Views: 59.0ms | ActiveRecord: 5.3ms | Allocations: 53252)


Started GET "/batch" for ::1 at 2023-03-04 16:06:46 +1100
Processing by BatchController#index as HTML
  Rendering layout layouts/application.html.erb
  Rendering batch/index.html.erb within layouts/application
  [1m[36mBatch Load (0.4ms)[0m  [1m[34mSELECT "batches".* FROM "batches"[0m
  ↳ app/views/batch/index.html.erb:3
  Rendered batch/index.html.erb within layouts/application (Duration: 2.2ms | Allocations: 1413)
  Rendered layout layouts/application.html.erb (Duration: 8.7ms | Allocations: 10562)
Completed 200 OK in 12ms (Views: 10.6ms | ActiveRecord: 0.4ms | Allocations: 11442)


Started GET "/batch/1" for ::1 at 2023-03-04 16:09:46 +1100
  [1m[36mActiveRecord::SchemaMigration Pluck (0.6ms)[0m  [1m[34mSELECT "schema_migrations"."version" FROM "schema_migrations" ORDER BY "schema_migrations"."version" ASC[0m
Processing by BatchController#show as HTML
  Parameters: {"id"=>"1"}
  [1m[36mBatch Load (0.4ms)[0m  [1m[34mSELECT "batches".* FROM "batches" WHERE "batches"."id" = $1 LIMIT $2[0m  [["id", 1], ["LIMIT", 1]]
  ↳ app/controllers/batch_controller.rb:7:in `show'
  Rendering layout layouts/application.html.erb
  Rendering batch/show.html.erb within layouts/application
  Rendered batch/show.html.erb within layouts/application (Duration: 0.6ms | Allocations: 324)
  Rendered layout layouts/application.html.erb (Duration: 54.2ms | Allocations: 44539)
Completed 200 OK in 70ms (Views: 56.0ms | ActiveRecord: 6.6ms | Allocations: 54421)


Started GET "/batch/1" for ::1 at 2023-03-04 16:09:46 +1100
Processing by BatchController#show as HTML
  Parameters: {"id"=>"1"}
  [1m[36mBatch Load (0.3ms)[0m  [1m[34mSELECT "batches".* FROM "batches" WHERE "batches"."id" = $1 LIMIT $2[0m  [["id", 1], ["LIMIT", 1]]
  ↳ app/controllers/batch_controller.rb:7:in `show'
  Rendering layout layouts/application.html.erb
  Rendering batch/show.html.erb within layouts/application
  Rendered batch/show.html.erb within layouts/application (Duration: 0.1ms | Allocations: 14)
  Rendered layout layouts/application.html.erb (Duration: 13.9ms | Allocations: 8869)
Completed 200 OK in 20ms (Views: 14.4ms | ActiveRecord: 0.3ms | Allocations: 9756)


Started GET "/batch/1" for ::1 at 2023-03-04 16:09:51 +1100
Processing by BatchController#show as HTML
  Parameters: {"id"=>"1"}
  [1m[36mBatch Load (0.3ms)[0m  [1m[34mSELECT "batches".* FROM "batches" WHERE "batches"."id" = $1 LIMIT $2[0m  [["id", 1], ["LIMIT", 1]]
  ↳ app/controllers/batch_controller.rb:7:in `show'
  Rendering layout layouts/application.html.erb
  Rendering batch/show.html.erb within layouts/application
  Rendered batch/show.html.erb within layouts/application (Duration: 0.5ms | Allocations: 136)
  Rendered layout layouts/application.html.erb (Duration: 12.2ms | Allocations: 9286)
Completed 200 OK in 18ms (Views: 14.7ms | ActiveRecord: 0.3ms | Allocations: 10631)


Started GET "/batch/2" for ::1 at 2023-03-04 16:09:56 +1100
Processing by BatchController#show as HTML
  Parameters: {"id"=>"2"}
  [1m[36mBatch Load (0.3ms)[0m  [1m[34mSELECT "batches".* FROM "batches" WHERE "batches"."id" = $1 LIMIT $2[0m  [["id", 2], ["LIMIT", 1]]
  ↳ app/controllers/batch_controller.rb:7:in `show'
  Rendering layout layouts/application.html.erb
  Rendering batch/show.html.erb within layouts/application
  Rendered batch/show.html.erb within layouts/application (Duration: 0.1ms | Allocations: 9)
  Rendered layout layouts/application.html.erb (Duration: 10.5ms | Allocations: 8673)
Completed 200 OK in 13ms (Views: 10.9ms | ActiveRecord: 0.3ms | Allocations: 9511)


Started GET "/batch/3" for ::1 at 2023-03-04 16:09:58 +1100
Processing by BatchController#show as HTML
  Parameters: {"id"=>"3"}
  [1m[36mBatch Load (0.3ms)[0m  [1m[34mSELECT "batches".* FROM "batches" WHERE "batches"."id" = $1 LIMIT $2[0m  [["id", 3], ["LIMIT", 1]]
  ↳ app/controllers/batch_controller.rb:7:in `show'
  Rendering layout layouts/application.html.erb
  Rendering batch/show.html.erb within layouts/application
  Rendered batch/show.html.erb within layouts/application (Duration: 0.1ms | Allocations: 9)
  Rendered layout layouts/application.html.erb (Duration: 11.2ms | Allocations: 8682)
Completed 200 OK in 14ms (Views: 11.6ms | ActiveRecord: 0.3ms | Allocations: 9436)


Started GET "/batch/4" for ::1 at 2023-03-04 16:10:00 +1100
Processing by BatchController#show as HTML
  Parameters: {"id"=>"4"}
  [1m[36mBatch Load (0.6ms)[0m  [1m[34mSELECT "batches".* FROM "batches" WHERE "batches"."id" = $1 LIMIT $2[0m  [["id", 4], ["LIMIT", 1]]
  ↳ app/controllers/batch_controller.rb:7:in `show'
  Rendering layout layouts/application.html.erb
  Rendering batch/show.html.erb within layouts/application
  Rendered batch/show.html.erb within layouts/application (Duration: 0.1ms | Allocations: 9)
  Rendered layout layouts/application.html.erb (Duration: 12.3ms | Allocations: 8671)
Completed 200 OK in 16ms (Views: 12.9ms | ActiveRecord: 0.6ms | Allocations: 9409)


Started GET "/batch/5" for ::1 at 2023-03-04 16:10:02 +1100
Processing by BatchController#show as HTML
  Parameters: {"id"=>"5"}
  [1m[36mBatch Load (0.2ms)[0m  [1m[34mSELECT "batches".* FROM "batches" WHERE "batches"."id" = $1 LIMIT $2[0m  [["id", 5], ["LIMIT", 1]]
  ↳ app/controllers/batch_controller.rb:7:in `show'
  Rendering layout layouts/application.html.erb
  Rendering batch/show.html.erb within layouts/application
  Rendered batch/show.html.erb within layouts/application (Duration: 0.1ms | Allocations: 9)
  Rendered layout layouts/application.html.erb (Duration: 10.1ms | Allocations: 8677)
Completed 200 OK in 12ms (Views: 10.6ms | ActiveRecord: 0.2ms | Allocations: 9415)


Started GET "/batch/6" for ::1 at 2023-03-04 16:10:03 +1100
Processing by BatchController#show as HTML
  Parameters: {"id"=>"6"}
  [1m[36mBatch Load (0.2ms)[0m  [1m[34mSELECT "batches".* FROM "batches" WHERE "batches"."id" = $1 LIMIT $2[0m  [["id", 6], ["LIMIT", 1]]
  ↳ app/controllers/batch_controller.rb:7:in `show'
  Rendering layout layouts/application.html.erb
  Rendering batch/show.html.erb within layouts/application
  Rendered batch/show.html.erb within layouts/application (Duration: 0.0ms | Allocations: 9)
  Rendered layout layouts/application.html.erb (Duration: 44.5ms | Allocations: 8671)
Completed 200 OK in 49ms (Views: 47.5ms | ActiveRecord: 0.2ms | Allocations: 9409)


Started GET "/" for ::1 at 2023-03-04 16:10:14 +1100
Processing by PagesController#home as HTML
  Rendering layout layouts/application.html.erb
  Rendering pages/home.html.erb within layouts/application
  Rendered pages/home.html.erb within layouts/application (Duration: 0.6ms | Allocations: 261)
  Rendered layout layouts/application.html.erb (Duration: 7.5ms | Allocations: 9204)
Completed 200 OK in 9ms (Views: 8.4ms | ActiveRecord: 0.0ms | Allocations: 9957)


Started GET "/batch" for ::1 at 2023-03-04 16:10:20 +1100
Processing by BatchController#index as HTML
  Rendering layout layouts/application.html.erb
  Rendering batch/index.html.erb within layouts/application
  [1m[36mBatch Load (0.3ms)[0m  [1m[34mSELECT "batches".* FROM "batches"[0m
  ↳ app/views/batch/index.html.erb:3
  Rendered batch/index.html.erb within layouts/application (Duration: 4.5ms | Allocations: 1382)
  Rendered layout layouts/application.html.erb (Duration: 14.6ms | Allocations: 10072)
Completed 200 OK in 16ms (Views: 14.7ms | ActiveRecord: 0.3ms | Allocations: 10420)


Started GET "/batch" for ::1 at 2023-03-04 16:10:55 +1100
Processing by BatchController#index as HTML
  Rendering layout layouts/application.html.erb
  Rendering batch/index.html.erb within layouts/application
  [1m[36mBatch Load (0.3ms)[0m  [1m[34mSELECT "batches".* FROM "batches"[0m
  ↳ app/views/batch/index.html.erb:3
  Rendered batch/index.html.erb within layouts/application (Duration: 16.1ms | Allocations: 12331)
  Rendered layout layouts/application.html.erb (Duration: 16.3ms | Allocations: 12428)
Completed 500 Internal Server Error in 20ms (ActiveRecord: 0.3ms | Allocations: 13241)


  
ActionView::Template::Error (No route matches {:action=>"show", :controller=>"batch", :id=>nil}, missing required keys: [:id]):
    1: <h1>Index</h1>
    2: 
    3: <% @batches.each do |batch| %>
    4:   <div><%= link_to batch.name, batch_path(params[:id]) %></div>
    5: <% end %>
  
app/views/batch/index.html.erb:4
app/views/batch/index.html.erb:3
Started GET "/batch" for ::1 at 2023-03-04 16:11:01 +1100
Processing by BatchController#index as HTML
  Rendering layout layouts/application.html.erb
  Rendering batch/index.html.erb within layouts/application
  [1m[36mBatch Load (0.3ms)[0m  [1m[34mSELECT "batches".* FROM "batches"[0m
  ↳ app/views/batch/index.html.erb:3
  Rendered batch/index.html.erb within layouts/application (Duration: 4.9ms | Allocations: 2962)
  Rendered layout layouts/application.html.erb (Duration: 17.6ms | Allocations: 12378)
Completed 200 OK in 22ms (Views: 20.0ms | ActiveRecord: 0.3ms | Allocations: 13214)


Started GET "/batch/id" for ::1 at 2023-03-04 16:11:02 +1100
Processing by BatchController#show as HTML
  Parameters: {"id"=>"id"}
  [1m[36mBatch Load (0.3ms)[0m  [1m[34mSELECT "batches".* FROM "batches" WHERE "batches"."id" = $1 LIMIT $2[0m  [["id", nil], ["LIMIT", 1]]
  ↳ app/controllers/batch_controller.rb:7:in `show'
Completed 404 Not Found in 2ms (ActiveRecord: 0.3ms | Allocations: 982)


  
ActiveRecord::RecordNotFound (Couldn't find Batch with 'id'=id):
  
app/controllers/batch_controller.rb:7:in `show'
Started GET "/batch" for ::1 at 2023-03-04 16:11:04 +1100
Processing by BatchController#index as HTML
  Rendering layout layouts/application.html.erb
  Rendering batch/index.html.erb within layouts/application
  [1m[36mBatch Load (0.3ms)[0m  [1m[34mSELECT "batches".* FROM "batches"[0m
  ↳ app/views/batch/index.html.erb:3
  Rendered batch/index.html.erb within layouts/application (Duration: 5.1ms | Allocations: 2647)
  Rendered layout layouts/application.html.erb (Duration: 14.9ms | Allocations: 11618)
Completed 200 OK in 16ms (Views: 15.0ms | ActiveRecord: 0.3ms | Allocations: 11889)


Started GET "/batch" for ::1 at 2023-03-04 16:11:10 +1100
Processing by BatchController#index as HTML
  Rendering layout layouts/application.html.erb
  Rendering batch/index.html.erb within layouts/application
  [1m[36mBatch Load (0.7ms)[0m  [1m[34mSELECT "batches".* FROM "batches"[0m
  ↳ app/views/batch/index.html.erb:3
  Rendered batch/index.html.erb within layouts/application (Duration: 9.7ms | Allocations: 6105)
  Rendered layout layouts/application.html.erb (Duration: 9.9ms | Allocations: 6190)
Completed 500 Internal Server Error in 13ms (ActiveRecord: 0.7ms | Allocations: 6971)


  
ActionView::Template::Error (undefined local variable or method `id' for #<ActionView::Base:0x0000000000d890>

@output_buffer.safe_append='  <div>'.freeze;@output_buffer.append=( link_to batch.name, batch_path(id) );@output_buffer.safe_append='</div>
                                                                                                   ^^
Did you mean?  @@id):
    1: <h1>Index</h1>
    2: 
    3: <% @batches.each do |batch| %>
    4:   <div><%= link_to batch.name, batch_path(id) %></div>
    5: <% end %>
  
app/views/batch/index.html.erb:4
app/views/batch/index.html.erb:3
Started GET "/batch" for ::1 at 2023-03-04 16:11:18 +1100
Processing by BatchController#index as HTML
  Rendering layout layouts/application.html.erb
  Rendering batch/index.html.erb within layouts/application
  [1m[36mBatch Load (0.3ms)[0m  [1m[34mSELECT "batches".* FROM "batches"[0m
  ↳ app/views/batch/index.html.erb:3
  Rendered batch/index.html.erb within layouts/application (Duration: 6.4ms | Allocations: 2810)
  Rendered layout layouts/application.html.erb (Duration: 18.5ms | Allocations: 12244)
Completed 200 OK in 21ms (Views: 20.3ms | ActiveRecord: 0.3ms | Allocations: 13075)


Started GET "/batch/1" for ::1 at 2023-03-04 16:11:19 +1100
Processing by BatchController#show as HTML
  Parameters: {"id"=>"1"}
  [1m[36mBatch Load (0.2ms)[0m  [1m[34mSELECT "batches".* FROM "batches" WHERE "batches"."id" = $1 LIMIT $2[0m  [["id", 1], ["LIMIT", 1]]
  ↳ app/controllers/batch_controller.rb:7:in `show'
  Rendering layout layouts/application.html.erb
  Rendering batch/show.html.erb within layouts/application
  Rendered batch/show.html.erb within layouts/application (Duration: 0.7ms | Allocations: 99)
  Rendered layout layouts/application.html.erb (Duration: 11.6ms | Allocations: 8778)
Completed 200 OK in 15ms (Views: 12.1ms | ActiveRecord: 0.2ms | Allocations: 9619)


Started GET "/batch/2" for ::1 at 2023-03-04 16:11:21 +1100
Processing by BatchController#show as HTML
  Parameters: {"id"=>"2"}
  [1m[36mBatch Load (0.3ms)[0m  [1m[34mSELECT "batches".* FROM "batches" WHERE "batches"."id" = $1 LIMIT $2[0m  [["id", 2], ["LIMIT", 1]]
  ↳ app/controllers/batch_controller.rb:7:in `show'
  Rendering layout layouts/application.html.erb
  Rendering batch/show.html.erb within layouts/application
  Rendered batch/show.html.erb within layouts/application (Duration: 0.1ms | Allocations: 9)
  Rendered layout layouts/application.html.erb (Duration: 12.5ms | Allocations: 8692)
Completed 200 OK in 15ms (Views: 13.0ms | ActiveRecord: 0.3ms | Allocations: 9432)


Started GET "/batch/3" for ::1 at 2023-03-04 16:11:23 +1100
Processing by BatchController#show as HTML
  Parameters: {"id"=>"3"}
  [1m[36mBatch Load (0.2ms)[0m  [1m[34mSELECT "batches".* FROM "batches" WHERE "batches"."id" = $1 LIMIT $2[0m  [["id", 3], ["LIMIT", 1]]
  ↳ app/controllers/batch_controller.rb:7:in `show'
  Rendering layout layouts/application.html.erb
  Rendering batch/show.html.erb within layouts/application
  Rendered batch/show.html.erb within layouts/application (Duration: 0.1ms | Allocations: 9)
  Rendered layout layouts/application.html.erb (Duration: 11.9ms | Allocations: 8689)
Completed 200 OK in 14ms (Views: 12.3ms | ActiveRecord: 0.2ms | Allocations: 9429)


